2019-01-07T17:56:41.862472Z 0 [Warning] TIMESTAMP with implicit DEFAULT value is deprecated. Please use --explicit_defaults_for_timestamp server option (see documentation for more details).
2019-01-07T17:56:41.865518Z 0 [Note] /usr/sbin/mysqld (mysqld 5.7.23) starting as process 30 ...
2019-01-07T17:56:41.912216Z 0 [Note] InnoDB: PUNCH HOLE support available
2019-01-07T17:56:41.912734Z 0 [Note] InnoDB: Mutexes and rw_locks use GCC atomic builtins
2019-01-07T17:56:41.912984Z 0 [Note] InnoDB: Uses event mutexes
2019-01-07T17:56:41.913420Z 0 [Note] InnoDB: GCC builtin __atomic_thread_fence() is used for memory barrier
2019-01-07T17:56:41.913652Z 0 [Note] InnoDB: Compressed tables use zlib 1.2.3
2019-01-07T17:56:41.913879Z 0 [Note] InnoDB: Using Linux native AIO
2019-01-07T17:56:41.915844Z 0 [Note] InnoDB: Number of pools: 1
2019-01-07T17:56:41.917600Z 0 [Note] InnoDB: Using CPU crc32 instructions
2019-01-07T17:56:41.923816Z 0 [Note] InnoDB: Initializing buffer pool, total size = 32M, instances = 1, chunk size = 32M
2019-01-07T17:56:41.935459Z 0 [Note] InnoDB: Completed initialization of buffer pool
2019-01-07T17:56:41.944400Z 0 [Note] InnoDB: If the mysqld execution user is authorized, page cleaner thread priority can be changed. See the man page of setpriority().
2019-01-07T17:56:41.960210Z 0 [Note] InnoDB: Highest supported file format is Barracuda.
2019-01-07T17:56:41.961687Z 0 [Note] InnoDB: Log scan progressed past the checkpoint lsn 2588963
2019-01-07T17:56:41.962507Z 0 [Note] InnoDB: Doing recovery: scanned up to log sequence number 2591784
2019-01-07T17:56:41.964584Z 0 [Note] InnoDB: Database was not shutdown normally!
2019-01-07T17:56:41.965439Z 0 [Note] InnoDB: Starting crash recovery.
2019-01-07T17:56:42.326073Z 0 [Note] InnoDB: Starting an apply batch of log records to the database...
InnoDB: Progress in percent: 16 17 18 19 20 21 22 23 24 25 26 27 28 29 30 31 32 33 34 35 36 37 38 39 40 41 42 43 44 45 46 47 48 49 50 51 52 53 54 55 56 57 58 59 60 61 62 63 64 65 66 67 68 69 70 71 72 73 74 75 76 77 78 79 80 81 82 83 84 85 86 87 88 89 90 91 92 93 94 95 96 97 98 99 
2019-01-07T17:56:42.885782Z 0 [Note] InnoDB: Apply batch completed
2019-01-07T17:56:43.001254Z 0 [Note] InnoDB: Removed temporary tablespace data file: "ibtmp1"
2019-01-07T17:56:43.002629Z 0 [Note] InnoDB: Creating shared tablespace for temporary tables
2019-01-07T17:56:43.002992Z 0 [Note] InnoDB: Setting file './ibtmp1' size to 12 MB. Physically writing the file full; Please wait ...
2019-01-07T17:56:43.168962Z 0 [Note] InnoDB: File './ibtmp1' size is now 12 MB.
2019-01-07T17:56:43.171818Z 0 [Note] InnoDB: 96 redo rollback segment(s) found. 96 redo rollback segment(s) are active.
2019-01-07T17:56:43.179332Z 0 [Note] InnoDB: 32 non-redo rollback segment(s) are active.
2019-01-07T17:56:43.181265Z 0 [Note] InnoDB: Waiting for purge to start
2019-01-07T17:56:43.231940Z 0 [Note] InnoDB: 5.7.23 started; log sequence number 2591784
2019-01-07T17:56:43.260383Z 0 [Note] Plugin 'FEDERATED' is disabled.
2019-01-07T17:56:43.261700Z 0 [Note] InnoDB: Loading buffer pool(s) from /var/lib/mysql/ib_buffer_pool
2019-01-07T17:56:43.482813Z 0 [Warning] Failed to set up SSL because of the following SSL library error: SSL context is not usable without certificate and private key
2019-01-07T17:56:43.483893Z 0 [Note] Server hostname (bind-address): '*'; port: 3306
2019-01-07T17:56:43.486698Z 0 [Note] IPv6 is available.
2019-01-07T17:56:43.488367Z 0 [Note]   - '::' resolves to '::';
2019-01-07T17:56:43.488788Z 0 [Note] Server socket created on IP: '::'.
2019-01-07T17:56:43.578929Z 0 [Note] InnoDB: Buffer pool(s) load completed at 190107 17:56:43
2019-01-07T17:56:43.699985Z 0 [Warning] Insecure configuration for --pid-file: Location '/var/run/mysqld' in the path is accessible to all OS users. Consider choosing a different directory.
2019-01-07T17:56:43.725826Z 0 [ERROR] /usr/sbin/mysqld: Table './mysql/user' is marked as crashed and should be repaired
2019-01-07T17:56:43.727479Z 0 [Warning] Checking table:   './mysql/user'
2019-01-07T17:56:43.728035Z 0 [ERROR] 1 client is using or hasn't closed the table properly
2019-01-07T17:56:43.731080Z 0 [Warning] 'user' entry 'root@localhost' ignored in --skip-name-resolve mode.
2019-01-07T17:56:43.731426Z 0 [Warning] 'user' entry 'mysql.session@localhost' ignored in --skip-name-resolve mode.
2019-01-07T17:56:43.748232Z 0 [Warning] 'user' entry 'mysql.sys@localhost' ignored in --skip-name-resolve mode.
2019-01-07T17:56:43.748636Z 0 [Warning] 'db' entry 'performance_schema mysql.session@localhost' ignored in --skip-name-resolve mode.
2019-01-07T17:56:43.749047Z 0 [Warning] 'db' entry 'sys mysql.sys@localhost' ignored in --skip-name-resolve mode.
2019-01-07T17:56:43.749566Z 0 [Warning] 'proxies_priv' entry '@ root@localhost' ignored in --skip-name-resolve mode.
2019-01-07T17:56:43.757885Z 0 [Warning] 'tables_priv' entry 'user mysql.session@localhost' ignored in --skip-name-resolve mode.
2019-01-07T17:56:43.769596Z 0 [Warning] 'tables_priv' entry 'sys_config mysql.sys@localhost' ignored in --skip-name-resolve mode.
2019-01-07T17:56:43.966782Z 0 [Note] Event Scheduler: Loaded 0 events
2019-01-07T17:56:43.971717Z 0 [Note] /usr/sbin/mysqld: ready for connections.
Version: '5.7.23'  socket: '/var/run/mysqld/mysqld.sock'  port: 3306  MySQL Community Server (GPL)
2019-01-07T18:00:37.142444Z 4 [ERROR] /usr/sbin/mysqld: Table './mysql/proc' is marked as crashed and should be repaired
2019-01-07T18:00:37.143204Z 4 [Warning] Checking table:   './mysql/proc'
2019-01-07T18:00:37.181727Z 6 [Warning] 'user' entry 'root@localhost' ignored in --skip-name-resolve mode.
2019-01-07T18:00:37.182158Z 6 [Warning] 'user' entry 'mysql.session@localhost' ignored in --skip-name-resolve mode.
2019-01-07T18:00:37.182740Z 6 [Warning] 'user' entry 'mysql.sys@localhost' ignored in --skip-name-resolve mode.
2019-01-07T18:00:37.183753Z 6 [Warning] 'db' entry 'performance_schema mysql.session@localhost' ignored in --skip-name-resolve mode.
2019-01-07T18:00:37.184222Z 6 [Warning] 'db' entry 'sys mysql.sys@localhost' ignored in --skip-name-resolve mode.
2019-01-07T18:00:37.184529Z 6 [Warning] 'proxies_priv' entry '@ root@localhost' ignored in --skip-name-resolve mode.
2019-01-07T18:00:37.185200Z 6 [Warning] 'tables_priv' entry 'user mysql.session@localhost' ignored in --skip-name-resolve mode.
2019-01-07T18:00:37.185528Z 6 [Warning] 'tables_priv' entry 'sys_config mysql.sys@localhost' ignored in --skip-name-resolve mode.
2019-01-07T18:15:40.716590Z 0 [Note] InnoDB: page_cleaner: 1000ms intended loop took 762670ms. The settings might not be optimal. (flushed=0 and evicted=0, during the time.)
2019-01-07T18:44:32.707138Z 0 [Note] InnoDB: page_cleaner: 1000ms intended loop took 177830ms. The settings might not be optimal. (flushed=0 and evicted=0, during the time.)
2019-01-07T19:48:47.382536Z 0 [Note] InnoDB: page_cleaner: 1000ms intended loop took 322740ms. The settings might not be optimal. (flushed=0 and evicted=0, during the time.)
2019-01-07T23:09:00.207039Z 0 [Note] InnoDB: page_cleaner: 1000ms intended loop took 6463002ms. The settings might not be optimal. (flushed=0 and evicted=0, during the time.)
2019-01-08T02:16:13.003335Z 0 [Note] InnoDB: page_cleaner: 1000ms intended loop took 7959951ms. The settings might not be optimal. (flushed=0 and evicted=0, during the time.)
2019-01-08T05:24:51.834794Z 0 [Note] InnoDB: page_cleaner: 1000ms intended loop took 10759441ms. The settings might not be optimal. (flushed=0 and evicted=0, during the time.)
2019-01-08T08:39:10.202074Z 0 [Note] InnoDB: page_cleaner: 1000ms intended loop took 10761981ms. The settings might not be optimal. (flushed=7 and evicted=0, during the time.)
2019-01-08T08:54:37.030187Z 0 [Note] InnoDB: page_cleaner: 1000ms intended loop took 4327ms. The settings might not be optimal. (flushed=7 and evicted=0, during the time.)
2019-01-08T11:53:58.003442Z 0 [Note] InnoDB: page_cleaner: 1000ms intended loop took 10757863ms. The settings might not be optimal. (flushed=0 and evicted=0, during the time.)
2019-01-08T12:09:17.495601Z 0 [Note] InnoDB: page_cleaner: 1000ms intended loop took 6061ms. The settings might not be optimal. (flushed=0 and evicted=0, during the time.)
2019-01-08T18:23:10.395223Z 0 [Note] InnoDB: page_cleaner: 1000ms intended loop took 10759962ms. The settings might not be optimal. (flushed=0 and evicted=0, during the time.)
2019-01-08T18:24:40.705270Z 0 [Note] Giving 0 client threads a chance to die gracefully
2019-01-08T18:24:40.706187Z 0 [Note] Shutting down slave threads
2019-01-08T18:24:40.707155Z 0 [Note] Forcefully disconnecting 0 remaining clients
2019-01-08T18:24:40.707304Z 0 [Note] Event Scheduler: Purging the queue. 0 events
2019-01-08T18:24:40.708161Z 0 [Note] Binlog end
2019-01-08T18:24:40.711204Z 0 [Note] Shutting down plugin 'ngram'
2019-01-08T18:24:40.712042Z 0 [Note] Shutting down plugin 'partition'
2019-01-08T18:24:40.712987Z 0 [Note] Shutting down plugin 'BLACKHOLE'
2019-01-08T18:24:40.713976Z 0 [Note] Shutting down plugin 'ARCHIVE'
2019-01-08T18:24:40.714948Z 0 [Note] Shutting down plugin 'PERFORMANCE_SCHEMA'
2019-01-08T18:24:40.715959Z 0 [Note] Shutting down plugin 'MRG_MYISAM'
2019-01-08T18:24:40.716886Z 0 [Note] Shutting down plugin 'MyISAM'
2019-01-08T18:24:40.717999Z 0 [Note] Shutting down plugin 'INNODB_SYS_VIRTUAL'
2019-01-08T18:24:40.718832Z 0 [Note] Shutting down plugin 'INNODB_SYS_DATAFILES'
2019-01-08T18:24:40.719810Z 0 [Note] Shutting down plugin 'INNODB_SYS_TABLESPACES'
2019-01-08T18:24:40.720806Z 0 [Note] Shutting down plugin 'INNODB_SYS_FOREIGN_COLS'
2019-01-08T18:24:40.721797Z 0 [Note] Shutting down plugin 'INNODB_SYS_FOREIGN'
2019-01-08T18:24:40.722600Z 0 [Note] Shutting down plugin 'INNODB_SYS_FIELDS'
2019-01-08T18:24:40.723752Z 0 [Note] Shutting down plugin 'INNODB_SYS_COLUMNS'
2019-01-08T18:24:40.724733Z 0 [Note] Shutting down plugin 'INNODB_SYS_INDEXES'
2019-01-08T18:24:40.725753Z 0 [Note] Shutting down plugin 'INNODB_SYS_TABLESTATS'
2019-01-08T18:24:40.726677Z 0 [Note] Shutting down plugin 'INNODB_SYS_TABLES'
2019-01-08T18:24:40.727631Z 0 [Note] Shutting down plugin 'INNODB_FT_INDEX_TABLE'
2019-01-08T18:24:40.728326Z 0 [Note] Shutting down plugin 'INNODB_FT_INDEX_CACHE'
2019-01-08T18:24:40.728561Z 0 [Note] Shutting down plugin 'INNODB_FT_CONFIG'
2019-01-08T18:24:40.729568Z 0 [Note] Shutting down plugin 'INNODB_FT_BEING_DELETED'
2019-01-08T18:24:40.730543Z 0 [Note] Shutting down plugin 'INNODB_FT_DELETED'
2019-01-08T18:24:40.731530Z 0 [Note] Shutting down plugin 'INNODB_FT_DEFAULT_STOPWORD'
2019-01-08T18:24:40.732273Z 0 [Note] Shutting down plugin 'INNODB_METRICS'
2019-01-08T18:24:40.732456Z 0 [Note] Shutting down plugin 'INNODB_TEMP_TABLE_INFO'
2019-01-08T18:24:40.733503Z 0 [Note] Shutting down plugin 'INNODB_BUFFER_POOL_STATS'
2019-01-08T18:24:40.733931Z 0 [Note] Shutting down plugin 'INNODB_BUFFER_PAGE_LRU'
2019-01-08T18:24:40.734045Z 0 [Note] Shutting down plugin 'INNODB_BUFFER_PAGE'
2019-01-08T18:24:40.734316Z 0 [Note] Shutting down plugin 'INNODB_CMP_PER_INDEX_RESET'
2019-01-08T18:24:40.734643Z 0 [Note] Shutting down plugin 'INNODB_CMP_PER_INDEX'
2019-01-08T18:24:40.734886Z 0 [Note] Shutting down plugin 'INNODB_CMPMEM_RESET'
2019-01-08T18:24:40.734994Z 0 [Note] Shutting down plugin 'INNODB_CMPMEM'
2019-01-08T18:24:40.735244Z 0 [Note] Shutting down plugin 'INNODB_CMP_RESET'
2019-01-08T18:24:40.735490Z 0 [Note] Shutting down plugin 'INNODB_CMP'
2019-01-08T18:24:40.735687Z 0 [Note] Shutting down plugin 'INNODB_LOCK_WAITS'
2019-01-08T18:24:40.735854Z 0 [Note] Shutting down plugin 'INNODB_LOCKS'
2019-01-08T18:24:40.736168Z 0 [Note] Shutting down plugin 'INNODB_TRX'
2019-01-08T18:24:40.736443Z 0 [Note] Shutting down plugin 'InnoDB'
2019-01-08T18:24:40.737445Z 0 [Note] InnoDB: FTS optimize thread exiting.
2019-01-08T18:24:40.743961Z 0 [Note] InnoDB: Starting shutdown...
2019-01-08T18:24:40.845250Z 0 [Note] InnoDB: Dumping buffer pool(s) to /var/lib/mysql/ib_buffer_pool
2019-01-08T18:24:40.846065Z 0 [Note] InnoDB: Buffer pool(s) dump completed at 190108 18:24:40
2019-01-17T18:35:14.877465Z 0 [Warning] TIMESTAMP with implicit DEFAULT value is deprecated. Please use --explicit_defaults_for_timestamp server option (see documentation for more details).
2019-01-17T18:35:14.885823Z 0 [Note] /usr/sbin/mysqld (mysqld 5.7.23) starting as process 60 ...
2019-01-17T18:35:15.031654Z 0 [Note] InnoDB: PUNCH HOLE support available
2019-01-17T18:35:15.032101Z 0 [Note] InnoDB: Mutexes and rw_locks use GCC atomic builtins
2019-01-17T18:35:15.034415Z 0 [Note] InnoDB: Uses event mutexes
2019-01-17T18:35:15.034936Z 0 [Note] InnoDB: GCC builtin __atomic_thread_fence() is used for memory barrier
2019-01-17T18:35:15.035795Z 0 [Note] InnoDB: Compressed tables use zlib 1.2.3
2019-01-17T18:35:15.037317Z 0 [Note] InnoDB: Using Linux native AIO
2019-01-17T18:35:15.067300Z 0 [Note] InnoDB: Number of pools: 1
2019-01-17T18:35:15.074617Z 0 [Note] InnoDB: Using CPU crc32 instructions
2019-01-17T18:35:15.081790Z 0 [Note] InnoDB: Initializing buffer pool, total size = 32M, instances = 1, chunk size = 32M
2019-01-17T18:35:15.110743Z 0 [Note] InnoDB: Completed initialization of buffer pool
2019-01-17T18:35:15.116554Z 0 [Note] InnoDB: If the mysqld execution user is authorized, page cleaner thread priority can be changed. See the man page of setpriority().
2019-01-17T18:35:15.146530Z 0 [Note] InnoDB: Highest supported file format is Barracuda.
2019-01-17T18:35:15.360076Z 0 [Note] InnoDB: Removed temporary tablespace data file: "ibtmp1"
2019-01-17T18:35:15.360721Z 0 [Note] InnoDB: Creating shared tablespace for temporary tables
2019-01-17T18:35:15.361314Z 0 [Note] InnoDB: Setting file './ibtmp1' size to 12 MB. Physically writing the file full; Please wait ...
2019-01-17T18:35:15.434661Z 0 [Note] InnoDB: File './ibtmp1' size is now 12 MB.
2019-01-17T18:35:15.436960Z 0 [Note] InnoDB: 96 redo rollback segment(s) found. 96 redo rollback segment(s) are active.
2019-01-17T18:35:15.437902Z 0 [Note] InnoDB: 32 non-redo rollback segment(s) are active.
2019-01-17T18:35:15.451668Z 0 [Note] InnoDB: Waiting for purge to start
2019-01-17T18:35:15.522133Z 0 [Note] InnoDB: 5.7.23 started; log sequence number 16598365
2019-01-17T18:35:15.535094Z 0 [Note] Plugin 'FEDERATED' is disabled.
2019-01-17T18:35:15.535947Z 0 [Note] InnoDB: Loading buffer pool(s) from /var/lib/mysql/ib_buffer_pool
2019-01-17T18:35:15.617035Z 0 [Warning] Failed to set up SSL because of the following SSL library error: SSL context is not usable without certificate and private key
2019-01-17T18:35:15.617410Z 0 [Note] Server hostname (bind-address): '*'; port: 3306
2019-01-17T18:35:15.625921Z 0 [Note] IPv6 is available.
2019-01-17T18:35:15.627918Z 0 [Note]   - '::' resolves to '::';
2019-01-17T18:35:15.628727Z 0 [Note] Server socket created on IP: '::'.
2019-01-17T18:35:15.633492Z 0 [Warning] Insecure configuration for --pid-file: Location '/var/run/mysqld' in the path is accessible to all OS users. Consider choosing a different directory.
2019-01-17T18:35:15.685784Z 0 [Warning] 'user' entry 'root@localhost' ignored in --skip-name-resolve mode.
2019-01-17T18:35:15.686460Z 0 [Warning] 'user' entry 'mysql.session@localhost' ignored in --skip-name-resolve mode.
2019-01-17T18:35:15.686841Z 0 [Warning] 'user' entry 'mysql.sys@localhost' ignored in --skip-name-resolve mode.
2019-01-17T18:35:15.687931Z 0 [Warning] 'db' entry 'performance_schema mysql.session@localhost' ignored in --skip-name-resolve mode.
2019-01-17T18:35:15.688189Z 0 [Warning] 'db' entry 'sys mysql.sys@localhost' ignored in --skip-name-resolve mode.
2019-01-17T18:35:15.689913Z 0 [Warning] 'proxies_priv' entry '@ root@localhost' ignored in --skip-name-resolve mode.
2019-01-17T18:35:15.741612Z 0 [Note] InnoDB: Buffer pool(s) load completed at 190117 18:35:15
2019-01-17T18:35:15.759306Z 0 [Warning] 'tables_priv' entry 'user mysql.session@localhost' ignored in --skip-name-resolve mode.
2019-01-17T18:35:15.759561Z 0 [Warning] 'tables_priv' entry 'sys_config mysql.sys@localhost' ignored in --skip-name-resolve mode.
2019-01-17T18:35:15.817201Z 0 [Note] Event Scheduler: Loaded 0 events
2019-01-17T18:35:15.825858Z 0 [Note] /usr/sbin/mysqld: ready for connections.
Version: '5.7.23'  socket: '/var/run/mysqld/mysqld.sock'  port: 3306  MySQL Community Server (GPL)
2019-01-17T20:22:07.808864Z 0 [Note] InnoDB: page_cleaner: 1000ms intended loop took 1323224ms. The settings might not be optimal. (flushed=0 and evicted=0, during the time.)
2019-01-18T00:29:37.922836Z 0 [Note] InnoDB: page_cleaner: 1000ms intended loop took 6300118ms. The settings might not be optimal. (flushed=0 and evicted=0, during the time.)
2019-01-18T02:15:57.980942Z 0 [Note] InnoDB: page_cleaner: 1000ms intended loop took 2490808ms. The settings might not be optimal. (flushed=0 and evicted=0, during the time.)
2019-01-18T06:20:49.909443Z 0 [Note] InnoDB: page_cleaner: 1000ms intended loop took 10762930ms. The settings might not be optimal. (flushed=0 and evicted=0, during the time.)
2019-01-19T16:50:31.755296Z 0 [Note] InnoDB: page_cleaner: 1000ms intended loop took 106181717ms. The settings might not be optimal. (flushed=0 and evicted=0, during the time.)
2019-01-20T18:31:54.976197Z 0 [Note] InnoDB: page_cleaner: 1000ms intended loop took 90899296ms. The settings might not be optimal. (flushed=0 and evicted=0, during the time.)
2019-01-20T19:31:53.529295Z 0 [Note] InnoDB: page_cleaner: 1000ms intended loop took 3429471ms. The settings might not be optimal. (flushed=0 and evicted=0, during the time.)
2019-01-20T20:31:45.008525Z 0 [Note] InnoDB: page_cleaner: 1000ms intended loop took 3452287ms. The settings might not be optimal. (flushed=0 and evicted=0, during the time.)
2019-01-20T21:31:44.427366Z 0 [Note] InnoDB: page_cleaner: 1000ms intended loop took 3459911ms. The settings might not be optimal. (flushed=0 and evicted=0, during the time.)
2019-01-20T22:31:42.150455Z 0 [Note] InnoDB: page_cleaner: 1000ms intended loop took 3458653ms. The settings might not be optimal. (flushed=0 and evicted=0, during the time.)
2019-01-20T23:31:50.472351Z 0 [Note] InnoDB: page_cleaner: 1000ms intended loop took 3459232ms. The settings might not be optimal. (flushed=0 and evicted=0, during the time.)
2019-01-21T00:05:53.895742Z 0 [Note] InnoDB: page_cleaner: 1000ms intended loop took 625599ms. The settings might not be optimal. (flushed=0 and evicted=0, during the time.)
2019-01-21T07:10:04.601787Z 0 [Note] InnoDB: page_cleaner: 1000ms intended loop took 10758835ms. The settings might not be optimal. (flushed=0 and evicted=0, during the time.)
2019-01-21T10:24:19.128343Z 0 [Note] InnoDB: page_cleaner: 1000ms intended loop took 10756919ms. The settings might not be optimal. (flushed=0 and evicted=0, during the time.)
2019-01-21T13:38:52.393429Z 0 [Note] InnoDB: page_cleaner: 1000ms intended loop took 10755711ms. The settings might not be optimal. (flushed=0 and evicted=0, during the time.)
2019-01-21T13:54:09.845051Z 0 [Note] InnoDB: page_cleaner: 1000ms intended loop took 4958ms. The settings might not be optimal. (flushed=0 and evicted=0, during the time.)
2019-01-21T20:08:02.627447Z 0 [Note] InnoDB: page_cleaner: 1000ms intended loop took 10761776ms. The settings might not be optimal. (flushed=0 and evicted=0, during the time.)
2019-01-21T23:22:38.012025Z 0 [Note] InnoDB: page_cleaner: 1000ms intended loop took 10759825ms. The settings might not be optimal. (flushed=0 and evicted=0, during the time.)
2019-01-22T02:37:18.700895Z 0 [Note] InnoDB: page_cleaner: 1000ms intended loop took 10765228ms. The settings might not be optimal. (flushed=0 and evicted=0, during the time.)
2019-01-22T03:01:48.191213Z 0 [Note] Giving 0 client threads a chance to die gracefully
2019-01-22T03:01:48.192804Z 0 [Note] Shutting down slave threads
2019-01-22T03:01:48.198856Z 0 [Note] Forcefully disconnecting 0 remaining clients
2019-01-22T03:01:48.240007Z 0 [Note] Event Scheduler: Purging the queue. 0 events
2019-01-22T03:01:48.249495Z 0 [Note] Binlog end
2019-01-22T03:01:48.266323Z 0 [Note] Shutting down plugin 'ngram'
2019-01-22T03:01:48.267938Z 0 [Note] Shutting down plugin 'partition'
2019-01-22T03:01:48.268460Z 0 [Note] Shutting down plugin 'BLACKHOLE'
2019-01-22T03:01:48.271017Z 0 [Note] Shutting down plugin 'ARCHIVE'
2019-01-22T03:01:48.271661Z 0 [Note] Shutting down plugin 'PERFORMANCE_SCHEMA'
2019-01-22T03:01:48.282978Z 0 [Note] Shutting down plugin 'MRG_MYISAM'
2019-01-22T03:01:48.285555Z 0 [Note] Shutting down plugin 'MyISAM'
2019-01-22T03:01:48.286362Z 0 [Note] Shutting down plugin 'INNODB_SYS_VIRTUAL'
2019-01-22T03:01:48.287113Z 0 [Note] Shutting down plugin 'INNODB_SYS_DATAFILES'
2019-01-22T03:01:48.303719Z 0 [Note] Shutting down plugin 'INNODB_SYS_TABLESPACES'
2019-01-22T03:01:48.304541Z 0 [Note] Shutting down plugin 'INNODB_SYS_FOREIGN_COLS'
2019-01-22T03:01:48.305376Z 0 [Note] Shutting down plugin 'INNODB_SYS_FOREIGN'
2019-01-22T03:01:48.305892Z 0 [Note] Shutting down plugin 'INNODB_SYS_FIELDS'
2019-01-22T03:01:48.320770Z 0 [Note] Shutting down plugin 'INNODB_SYS_COLUMNS'
2019-01-22T03:01:48.321528Z 0 [Note] Shutting down plugin 'INNODB_SYS_INDEXES'
2019-01-22T03:01:48.330382Z 0 [Note] Shutting down plugin 'INNODB_SYS_TABLESTATS'
2019-01-22T03:01:48.331647Z 0 [Note] Shutting down plugin 'INNODB_SYS_TABLES'
2019-01-22T03:01:48.332708Z 0 [Note] Shutting down plugin 'INNODB_FT_INDEX_TABLE'
2019-01-22T03:01:48.333448Z 0 [Note] Shutting down plugin 'INNODB_FT_INDEX_CACHE'
2019-01-22T03:01:48.334080Z 0 [Note] Shutting down plugin 'INNODB_FT_CONFIG'
2019-01-22T03:01:48.334411Z 0 [Note] Shutting down plugin 'INNODB_FT_BEING_DELETED'
2019-01-22T03:01:48.335298Z 0 [Note] Shutting down plugin 'INNODB_FT_DELETED'
2019-01-22T03:01:48.335639Z 0 [Note] Shutting down plugin 'INNODB_FT_DEFAULT_STOPWORD'
2019-01-22T03:01:48.335930Z 0 [Note] Shutting down plugin 'INNODB_METRICS'
2019-01-22T03:01:48.336275Z 0 [Note] Shutting down plugin 'INNODB_TEMP_TABLE_INFO'
2019-01-22T03:01:48.353074Z 0 [Note] Shutting down plugin 'INNODB_BUFFER_POOL_STATS'
2019-01-22T03:01:48.353418Z 0 [Note] Shutting down plugin 'INNODB_BUFFER_PAGE_LRU'
2019-01-22T03:01:48.353724Z 0 [Note] Shutting down plugin 'INNODB_BUFFER_PAGE'
2019-01-22T03:01:48.354697Z 0 [Note] Shutting down plugin 'INNODB_CMP_PER_INDEX_RESET'
2019-01-22T03:01:48.386176Z 0 [Note] Shutting down plugin 'INNODB_CMP_PER_INDEX'
2019-01-22T03:01:48.386814Z 0 [Note] Shutting down plugin 'INNODB_CMPMEM_RESET'
2019-01-22T03:01:48.387066Z 0 [Note] Shutting down plugin 'INNODB_CMPMEM'
2019-01-22T03:01:48.387301Z 0 [Note] Shutting down plugin 'INNODB_CMP_RESET'
2019-01-22T03:01:48.387883Z 0 [Note] Shutting down plugin 'INNODB_CMP'
2019-01-22T03:01:48.388789Z 0 [Note] Shutting down plugin 'INNODB_LOCK_WAITS'
2019-01-22T03:01:48.389855Z 0 [Note] Shutting down plugin 'INNODB_LOCKS'
2019-01-22T03:01:48.390141Z 0 [Note] Shutting down plugin 'INNODB_TRX'
2019-01-22T03:01:48.390876Z 0 [Note] Shutting down plugin 'InnoDB'
2019-01-22T03:01:48.391911Z 0 [Note] InnoDB: FTS optimize thread exiting.
2019-01-22T03:01:48.393289Z 0 [Note] InnoDB: Starting shutdown...
2019-01-22T03:01:48.538421Z 0 [Note] InnoDB: Dumping buffer pool(s) to /var/lib/mysql/ib_buffer_pool
2019-01-22T03:01:48.543150Z 0 [Note] InnoDB: Buffer pool(s) dump completed at 190122  3:01:48
2019-01-22T03:01:50.270662Z 0 [Note] InnoDB: Shutdown completed; log sequence number 48637503
2019-01-22T03:01:50.273193Z 0 [Note] InnoDB: Removed temporary tablespace data file: "ibtmp1"
2019-01-22T03:01:50.273556Z 0 [Note] Shutting down plugin 'MEMORY'
2019-01-22T03:01:50.274231Z 0 [Note] Shutting down plugin 'CSV'
2019-01-22T03:01:50.274567Z 0 [Note] Shutting down plugin 'sha256_password'
2019-01-22T03:01:50.275485Z 0 [Note] Shutting down plugin 'mysql_native_password'
2019-01-22T03:01:50.276321Z 0 [Note] Shutting down plugin 'binlog'
2019-01-22T03:01:50.279154Z 0 [Note] /usr/sbin/mysqld: Shutdown complete

2019-01-31T20:08:56.228246Z 0 [Warning] TIMESTAMP with implicit DEFAULT value is deprecated. Please use --explicit_defaults_for_timestamp server option (see documentation for more details).
2019-01-31T20:08:56.235231Z 0 [Note] /usr/sbin/mysqld (mysqld 5.7.23) starting as process 81 ...
2019-01-31T20:08:56.351345Z 0 [Note] InnoDB: PUNCH HOLE support available
2019-01-31T20:08:56.355423Z 0 [Note] InnoDB: Mutexes and rw_locks use GCC atomic builtins
2019-01-31T20:08:56.356332Z 0 [Note] InnoDB: Uses event mutexes
2019-01-31T20:08:56.357553Z 0 [Note] InnoDB: GCC builtin __atomic_thread_fence() is used for memory barrier
2019-01-31T20:08:56.357993Z 0 [Note] InnoDB: Compressed tables use zlib 1.2.3
2019-01-31T20:08:56.360902Z 0 [Note] InnoDB: Using Linux native AIO
2019-01-31T20:08:56.379321Z 0 [Note] InnoDB: Number of pools: 1
2019-01-31T20:08:56.388283Z 0 [Note] InnoDB: Using CPU crc32 instructions
2019-01-31T20:08:56.399229Z 0 [Note] InnoDB: Initializing buffer pool, total size = 32M, instances = 1, chunk size = 32M
2019-01-31T20:08:56.429066Z 0 [Note] InnoDB: Completed initialization of buffer pool
2019-01-31T20:08:56.434061Z 0 [Note] InnoDB: If the mysqld execution user is authorized, page cleaner thread priority can be changed. See the man page of setpriority().
2019-01-31T20:08:56.610660Z 0 [Note] InnoDB: Highest supported file format is Barracuda.
2019-01-31T20:08:56.900094Z 0 [Note] InnoDB: Creating shared tablespace for temporary tables
2019-01-31T20:08:56.901046Z 0 [Note] InnoDB: Setting file './ibtmp1' size to 12 MB. Physically writing the file full; Please wait ...
2019-01-31T20:08:57.003874Z 0 [Note] InnoDB: File './ibtmp1' size is now 12 MB.
2019-01-31T20:08:57.007793Z 0 [Note] InnoDB: 96 redo rollback segment(s) found. 96 redo rollback segment(s) are active.
2019-01-31T20:08:57.013713Z 0 [Note] InnoDB: 32 non-redo rollback segment(s) are active.
2019-01-31T20:08:57.016273Z 0 [Note] InnoDB: Waiting for purge to start
2019-01-31T20:08:57.067657Z 0 [Note] InnoDB: 5.7.23 started; log sequence number 48637503
2019-01-31T20:08:57.072099Z 0 [Note] Plugin 'FEDERATED' is disabled.
2019-01-31T20:08:57.078835Z 0 [Note] InnoDB: Loading buffer pool(s) from /var/lib/mysql/ib_buffer_pool
2019-01-31T20:08:57.129711Z 0 [Warning] Failed to set up SSL because of the following SSL library error: SSL context is not usable without certificate and private key
2019-01-31T20:08:57.130123Z 0 [Note] Server hostname (bind-address): '*'; port: 3306
2019-01-31T20:08:57.133141Z 0 [Note] IPv6 is available.
2019-01-31T20:08:57.139614Z 0 [Note]   - '::' resolves to '::';
2019-01-31T20:08:57.139982Z 0 [Note] Server socket created on IP: '::'.
2019-01-31T20:08:57.145156Z 0 [Warning] Insecure configuration for --pid-file: Location '/var/run/mysqld' in the path is accessible to all OS users. Consider choosing a different directory.
2019-01-31T20:08:57.215692Z 0 [Warning] 'user' entry 'root@localhost' ignored in --skip-name-resolve mode.
2019-01-31T20:08:57.216184Z 0 [Warning] 'user' entry 'mysql.session@localhost' ignored in --skip-name-resolve mode.
2019-01-31T20:08:57.216656Z 0 [Warning] 'user' entry 'mysql.sys@localhost' ignored in --skip-name-resolve mode.
2019-01-31T20:08:57.218355Z 0 [Warning] 'db' entry 'performance_schema mysql.session@localhost' ignored in --skip-name-resolve mode.
2019-01-31T20:08:57.218965Z 0 [Warning] 'db' entry 'sys mysql.sys@localhost' ignored in --skip-name-resolve mode.
2019-01-31T20:08:57.222170Z 0 [Warning] 'proxies_priv' entry '@ root@localhost' ignored in --skip-name-resolve mode.
2019-01-31T20:08:57.378269Z 0 [Warning] 'tables_priv' entry 'user mysql.session@localhost' ignored in --skip-name-resolve mode.
2019-01-31T20:08:57.378744Z 0 [Warning] 'tables_priv' entry 'sys_config mysql.sys@localhost' ignored in --skip-name-resolve mode.
2019-01-31T20:08:57.436154Z 0 [Note] InnoDB: Buffer pool(s) load completed at 190131 20:08:57
2019-01-31T20:08:57.599255Z 0 [Note] Event Scheduler: Loaded 0 events
2019-01-31T20:08:57.604316Z 0 [Note] /usr/sbin/mysqld: ready for connections.
Version: '5.7.23'  socket: '/var/run/mysqld/mysqld.sock'  port: 3306  MySQL Community Server (GPL)
2019-01-31T20:12:59.451269Z 0 [Note] Giving 1 client threads a chance to die gracefully
2019-01-31T20:12:59.451782Z 0 [Note] Shutting down slave threads
2019-01-31T20:13:01.453511Z 0 [Note] Forcefully disconnecting 0 remaining clients
2019-01-31T20:13:01.453821Z 0 [Note] Event Scheduler: Purging the queue. 0 events
2019-01-31T20:13:01.454191Z 0 [Note] Binlog end
2019-01-31T20:13:01.456330Z 0 [Note] Shutting down plugin 'ngram'
2019-01-31T20:13:01.456610Z 0 [Note] Shutting down plugin 'partition'
2019-01-31T20:13:01.456821Z 0 [Note] Shutting down plugin 'BLACKHOLE'
2019-01-31T20:13:01.457089Z 0 [Note] Shutting down plugin 'ARCHIVE'
2019-01-31T20:13:01.457429Z 0 [Note] Shutting down plugin 'PERFORMANCE_SCHEMA'
2019-01-31T20:13:01.457729Z 0 [Note] Shutting down plugin 'MRG_MYISAM'
2019-01-31T20:13:01.457936Z 0 [Note] Shutting down plugin 'MyISAM'
2019-01-31T20:13:01.458212Z 0 [Note] Shutting down plugin 'INNODB_SYS_VIRTUAL'
2019-01-31T20:13:01.458483Z 0 [Note] Shutting down plugin 'INNODB_SYS_DATAFILES'
2019-01-31T20:13:01.458791Z 0 [Note] Shutting down plugin 'INNODB_SYS_TABLESPACES'
2019-01-31T20:13:01.458951Z 0 [Note] Shutting down plugin 'INNODB_SYS_FOREIGN_COLS'
2019-01-31T20:13:01.459214Z 0 [Note] Shutting down plugin 'INNODB_SYS_FOREIGN'
2019-01-31T20:13:01.459482Z 0 [Note] Shutting down plugin 'INNODB_SYS_FIELDS'
2019-01-31T20:13:01.459643Z 0 [Note] Shutting down plugin 'INNODB_SYS_COLUMNS'
2019-01-31T20:13:01.459841Z 0 [Note] Shutting down plugin 'INNODB_SYS_INDEXES'
2019-01-31T20:13:01.460000Z 0 [Note] Shutting down plugin 'INNODB_SYS_TABLESTATS'
2019-01-31T20:13:01.460153Z 0 [Note] Shutting down plugin 'INNODB_SYS_TABLES'
2019-01-31T20:13:01.460303Z 0 [Note] Shutting down plugin 'INNODB_FT_INDEX_TABLE'
2019-01-31T20:13:01.460580Z 0 [Note] Shutting down plugin 'INNODB_FT_INDEX_CACHE'
2019-01-31T20:13:01.460745Z 0 [Note] Shutting down plugin 'INNODB_FT_CONFIG'
2019-01-31T20:13:01.461027Z 0 [Note] Shutting down plugin 'INNODB_FT_BEING_DELETED'
2019-01-31T20:13:01.461250Z 0 [Note] Shutting down plugin 'INNODB_FT_DELETED'
2019-01-31T20:13:01.461381Z 0 [Note] Shutting down plugin 'INNODB_FT_DEFAULT_STOPWORD'
2019-01-31T20:13:01.461529Z 0 [Note] Shutting down plugin 'INNODB_METRICS'
2019-01-31T20:13:01.461722Z 0 [Note] Shutting down plugin 'INNODB_TEMP_TABLE_INFO'
2019-01-31T20:13:01.461862Z 0 [Note] Shutting down plugin 'INNODB_BUFFER_POOL_STATS'
2019-01-31T20:13:01.461984Z 0 [Note] Shutting down plugin 'INNODB_BUFFER_PAGE_LRU'
2019-01-31T20:13:01.462107Z 0 [Note] Shutting down plugin 'INNODB_BUFFER_PAGE'
2019-01-31T20:13:01.462273Z 0 [Note] Shutting down plugin 'INNODB_CMP_PER_INDEX_RESET'
2019-01-31T20:13:01.462443Z 0 [Note] Shutting down plugin 'INNODB_CMP_PER_INDEX'
2019-01-31T20:13:01.462620Z 0 [Note] Shutting down plugin 'INNODB_CMPMEM_RESET'
2019-01-31T20:13:01.462799Z 0 [Note] Shutting down plugin 'INNODB_CMPMEM'
2019-01-31T20:13:01.462986Z 0 [Note] Shutting down plugin 'INNODB_CMP_RESET'
2019-01-31T20:13:01.463166Z 0 [Note] Shutting down plugin 'INNODB_CMP'
2019-01-31T20:13:01.463329Z 0 [Note] Shutting down plugin 'INNODB_LOCK_WAITS'
2019-01-31T20:13:01.463618Z 0 [Note] Shutting down plugin 'INNODB_LOCKS'
2019-01-31T20:13:01.463847Z 0 [Note] Shutting down plugin 'INNODB_TRX'
2019-01-31T20:13:01.464046Z 0 [Note] Shutting down plugin 'InnoDB'
2019-01-31T20:13:01.464725Z 0 [Note] InnoDB: FTS optimize thread exiting.
2019-01-31T20:13:01.465286Z 0 [Note] InnoDB: Starting shutdown...
2019-01-31T20:13:01.565996Z 0 [Note] InnoDB: Dumping buffer pool(s) to /var/lib/mysql/ib_buffer_pool
2019-01-31T20:13:01.566944Z 0 [Note] InnoDB: Buffer pool(s) dump completed at 190131 20:13:01
